{"C:\\Users\\thoma\\Projects\\bcm-visualizer\\src\\index.ts": {"path":"C:\\Users\\thoma\\Projects\\bcm-visualizer\\src\\index.ts","statementMap":{"0":{"start":{"line":2,"column":0},"end":{"line":2,"column":24}},"1":{"start":{"line":3,"column":0},"end":{"line":3,"column":23}},"2":{"start":{"line":4,"column":0},"end":{"line":4,"column":25}},"3":{"start":{"line":5,"column":0},"end":{"line":5,"column":28}},"4":{"start":{"line":6,"column":0},"end":{"line":6,"column":25}},"5":{"start":{"line":7,"column":0},"end":{"line":7,"column":25}},"6":{"start":{"line":10,"column":0},"end":{"line":10,"column":9}},"7":{"start":{"line":10,"column":9},"end":{"line":10,"column":51}}},"fnMap":{"0":{"name":"(anonymous_4)","decl":{"start":{"line":10,"column":9},"end":{"line":10,"column":31}},"loc":{"start":{"line":10,"column":9},"end":{"line":10,"column":51}}}},"branchMap":{},"s":{"0":0,"1":0,"2":0,"3":0,"4":0,"5":0,"6":0,"7":0},"f":{"0":0},"b":{}}
,"C:\\Users\\thoma\\Projects\\bcm-visualizer\\src\\config\\defaults.ts": {"path":"C:\\Users\\thoma\\Projects\\bcm-visualizer\\src\\config\\defaults.ts","statementMap":{"0":{"start":{"line":6,"column":13},"end":{"line":12,"column":2}},"1":{"start":{"line":17,"column":13},"end":{"line":27,"column":2}},"2":{"start":{"line":32,"column":13},"end":{"line":37,"column":2}}},"fnMap":{},"branchMap":{},"s":{"0":1,"1":1,"2":1},"f":{},"b":{}}
,"C:\\Users\\thoma\\Projects\\bcm-visualizer\\src\\config\\index.ts": {"path":"C:\\Users\\thoma\\Projects\\bcm-visualizer\\src\\config\\index.ts","statementMap":{"0":{"start":{"line":1,"column":0},"end":{"line":1,"column":27}}},"fnMap":{},"branchMap":{},"s":{"0":1},"f":{},"b":{}}
,"C:\\Users\\thoma\\Projects\\bcm-visualizer\\src\\core\\generator.ts": {"path":"C:\\Users\\thoma\\Projects\\bcm-visualizer\\src\\core\\generator.ts","statementMap":{"0":{"start":{"line":15,"column":0},"end":{"line":15,"column":7}},"1":{"start":{"line":2,"column":0},"end":{"line":2,"column":69}},"2":{"start":{"line":3,"column":0},"end":{"line":3,"column":47}},"3":{"start":{"line":4,"column":0},"end":{"line":4,"column":43}},"4":{"start":{"line":5,"column":0},"end":{"line":5,"column":42}},"5":{"start":{"line":6,"column":0},"end":{"line":6,"column":52}},"6":{"start":{"line":19,"column":2},"end":{"line":55,"column":3}},"7":{"start":{"line":21,"column":26},"end":{"line":26,"column":6}},"8":{"start":{"line":29,"column":4},"end":{"line":29,"column":34}},"9":{"start":{"line":32,"column":22},"end":{"line":32,"column":43}},"10":{"start":{"line":35,"column":25},"end":{"line":35,"column":65}},"11":{"start":{"line":36,"column":28},"end":{"line":36,"column":67}},"12":{"start":{"line":39,"column":23},"end":{"line":39,"column":73}},"13":{"start":{"line":42,"column":21},"end":{"line":42,"column":57}},"14":{"start":{"line":43,"column":22},"end":{"line":46,"column":null}},"15":{"start":{"line":50,"column":19},"end":{"line":50,"column":87}},"16":{"start":{"line":52,"column":4},"end":{"line":52,"column":18}},"17":{"start":{"line":54,"column":4},"end":{"line":54,"column":60}}},"fnMap":{"0":{"name":"generateDiagram","decl":{"start":{"line":15,"column":22},"end":{"line":15,"column":37}},"loc":{"start":{"line":17,"column":30},"end":{"line":56,"column":1}}}},"branchMap":{"0":{"loc":{"start":{"line":17,"column":2},"end":{"line":17,"column":30}},"type":"default-arg","locations":[{"start":{"line":17,"column":28},"end":{"line":17,"column":30}}]}},"s":{"0":1,"1":1,"2":1,"3":1,"4":1,"5":1,"6":3,"7":3,"8":3,"9":2,"10":1,"11":1,"12":1,"13":1,"14":1,"15":0,"16":0,"17":3},"f":{"0":3},"b":{"0":[3]}}
,"C:\\Users\\thoma\\Projects\\bcm-visualizer\\src\\core\\hierarchy.ts": {"path":"C:\\Users\\thoma\\Projects\\bcm-visualizer\\src\\core\\hierarchy.ts","statementMap":{"0":{"start":{"line":10,"column":0},"end":{"line":10,"column":16}},"1":{"start":{"line":87,"column":0},"end":{"line":87,"column":16}},"2":{"start":{"line":108,"column":0},"end":{"line":108,"column":16}},"3":{"start":{"line":12,"column":18},"end":{"line":12,"column":45}},"4":{"start":{"line":15,"column":2},"end":{"line":20,"column":5}},"5":{"start":{"line":16,"column":4},"end":{"line":19,"column":7}},"6":{"start":{"line":23,"column":19},"end":{"line":23,"column":36}},"7":{"start":{"line":24,"column":18},"end":{"line":24,"column":35}},"8":{"start":{"line":28,"column":4},"end":{"line":28,"column":42}},"9":{"start":{"line":28,"column":29},"end":{"line":28,"column":42}},"10":{"start":{"line":29,"column":4},"end":{"line":31,"column":5}},"11":{"start":{"line":30,"column":6},"end":{"line":30,"column":89}},"12":{"start":{"line":33,"column":4},"end":{"line":33,"column":25}},"13":{"start":{"line":35,"column":17},"end":{"line":35,"column":36}},"14":{"start":{"line":36,"column":4},"end":{"line":36,"column":59}},"15":{"start":{"line":36,"column":15},"end":{"line":36,"column":59}},"16":{"start":{"line":38,"column":19},"end":{"line":38,"column":35}},"17":{"start":{"line":39,"column":4},"end":{"line":41,"column":5}},"18":{"start":{"line":40,"column":6},"end":{"line":40,"column":52}},"19":{"start":{"line":43,"column":4},"end":{"line":43,"column":28}},"20":{"start":{"line":44,"column":4},"end":{"line":44,"column":24}},"21":{"start":{"line":45,"column":4},"end":{"line":45,"column":17}},"22":{"start":{"line":49,"column":32},"end":{"line":49,"column":34}},"23":{"start":{"line":51,"column":2},"end":{"line":76,"column":5}},"24":{"start":{"line":52,"column":21},"end":{"line":52,"column":41}},"25":{"start":{"line":53,"column":4},"end":{"line":53,"column":71}},"26":{"start":{"line":53,"column":19},"end":{"line":53,"column":71}},"27":{"start":{"line":56,"column":4},"end":{"line":58,"column":5}},"28":{"start":{"line":57,"column":6},"end":{"line":57,"column":27}},"29":{"start":{"line":61,"column":4},"end":{"line":75,"column":5}},"30":{"start":{"line":63,"column":6},"end":{"line":63,"column":31}},"31":{"start":{"line":64,"column":6},"end":{"line":64,"column":38}},"32":{"start":{"line":66,"column":25},"end":{"line":66,"column":49}},"33":{"start":{"line":67,"column":6},"end":{"line":69,"column":7}},"34":{"start":{"line":68,"column":8},"end":{"line":68,"column":84}},"35":{"start":{"line":71,"column":6},"end":{"line":71,"column":41}},"36":{"start":{"line":74,"column":6},"end":{"line":74,"column":54}},"37":{"start":{"line":78,"column":2},"end":{"line":78,"column":19}},"38":{"start":{"line":88,"column":55},"end":{"line":88,"column":57}},"39":{"start":{"line":91,"column":24},"end":{"line":91,"column":47}},"40":{"start":{"line":92,"column":4},"end":{"line":92,"column":45}},"41":{"start":{"line":94,"column":4},"end":{"line":94,"column":65}},"42":{"start":{"line":94,"column":35},"end":{"line":94,"column":63}},"43":{"start":{"line":97,"column":2},"end":{"line":97,"column":44}},"44":{"start":{"line":97,"column":28},"end":{"line":97,"column":42}},"45":{"start":{"line":99,"column":2},"end":{"line":99,"column":16}},"46":{"start":{"line":109,"column":2},"end":{"line":111,"column":3}},"47":{"start":{"line":110,"column":4},"end":{"line":110,"column":55}},"48":{"start":{"line":114,"column":2},"end":{"line":116,"column":3}},"49":{"start":{"line":115,"column":4},"end":{"line":115,"column":51}},"50":{"start":{"line":119,"column":18},"end":{"line":119,"column":35}},"51":{"start":{"line":122,"column":2},"end":{"line":140,"column":5}},"52":{"start":{"line":123,"column":4},"end":{"line":125,"column":5}},"53":{"start":{"line":124,"column":6},"end":{"line":124,"column":65}},"54":{"start":{"line":127,"column":4},"end":{"line":129,"column":5}},"55":{"start":{"line":128,"column":6},"end":{"line":128,"column":55}},"56":{"start":{"line":131,"column":4},"end":{"line":131,"column":25}},"57":{"start":{"line":133,"column":4},"end":{"line":135,"column":5}},"58":{"start":{"line":134,"column":6},"end":{"line":134,"column":61}},"59":{"start":{"line":137,"column":4},"end":{"line":139,"column":5}},"60":{"start":{"line":138,"column":6},"end":{"line":138,"column":73}}},"fnMap":{"0":{"name":"buildHierarchy","decl":{"start":{"line":10,"column":16},"end":{"line":10,"column":30}},"loc":{"start":{"line":10,"column":53},"end":{"line":79,"column":1}}},"1":{"name":"(anonymous_1)","decl":{"start":{"line":15,"column":16},"end":{"line":15,"column":20}},"loc":{"start":{"line":15,"column":23},"end":{"line":20,"column":3}}},"2":{"name":"detectCycle","decl":{"start":{"line":27,"column":11},"end":{"line":27,"column":22}},"loc":{"start":{"line":27,"column":58},"end":{"line":46,"column":3}}},"3":{"name":"(anonymous_3)","decl":{"start":{"line":51,"column":16},"end":{"line":51,"column":20}},"loc":{"start":{"line":51,"column":23},"end":{"line":76,"column":3}}},"4":{"name":"flattenHierarchy","decl":{"start":{"line":87,"column":16},"end":{"line":87,"column":32}},"loc":{"start":{"line":87,"column":54},"end":{"line":100,"column":1}}},"5":{"name":"traverse","decl":{"start":{"line":90,"column":11},"end":{"line":90,"column":19}},"loc":{"start":{"line":90,"column":55},"end":{"line":95,"column":3}}},"6":{"name":"(anonymous_6)","decl":{"start":{"line":94,"column":26},"end":{"line":94,"column":31}},"loc":{"start":{"line":94,"column":35},"end":{"line":94,"column":63}}},"7":{"name":"(anonymous_7)","decl":{"start":{"line":97,"column":20},"end":{"line":97,"column":24}},"loc":{"start":{"line":97,"column":28},"end":{"line":97,"column":42}}},"8":{"name":"validateHierarchyInput","decl":{"start":{"line":108,"column":16},"end":{"line":108,"column":38}},"loc":{"start":{"line":108,"column":61},"end":{"line":141,"column":1}}},"9":{"name":"(anonymous_9)","decl":{"start":{"line":122,"column":16},"end":{"line":122,"column":17}},"loc":{"start":{"line":122,"column":32},"end":{"line":140,"column":3}}}},"branchMap":{"0":{"loc":{"start":{"line":27,"column":39},"end":{"line":27,"column":58}},"type":"default-arg","locations":[{"start":{"line":27,"column":56},"end":{"line":27,"column":58}}]},"1":{"loc":{"start":{"line":28,"column":4},"end":{"line":28,"column":42}},"type":"if","locations":[{"start":{"line":28,"column":4},"end":{"line":28,"column":42}}]},"2":{"loc":{"start":{"line":29,"column":4},"end":{"line":31,"column":5}},"type":"if","locations":[{"start":{"line":29,"column":4},"end":{"line":31,"column":5}}]},"3":{"loc":{"start":{"line":36,"column":4},"end":{"line":36,"column":59}},"type":"if","locations":[{"start":{"line":36,"column":4},"end":{"line":36,"column":59}}]},"4":{"loc":{"start":{"line":39,"column":4},"end":{"line":41,"column":5}},"type":"if","locations":[{"start":{"line":39,"column":4},"end":{"line":41,"column":5}}]},"5":{"loc":{"start":{"line":39,"column":8},"end":{"line":39,"column":38}},"type":"binary-expr","locations":[{"start":{"line":39,"column":8},"end":{"line":39,"column":14}},{"start":{"line":39,"column":18},"end":{"line":39,"column":38}}]},"6":{"loc":{"start":{"line":53,"column":4},"end":{"line":53,"column":71}},"type":"if","locations":[{"start":{"line":53,"column":4},"end":{"line":53,"column":71}}]},"7":{"loc":{"start":{"line":56,"column":4},"end":{"line":58,"column":5}},"type":"if","locations":[{"start":{"line":56,"column":4},"end":{"line":58,"column":5}}]},"8":{"loc":{"start":{"line":61,"column":4},"end":{"line":75,"column":5}},"type":"if","locations":[{"start":{"line":61,"column":4},"end":{"line":75,"column":5}},{"start":{"line":65,"column":11},"end":{"line":75,"column":5}}]},"9":{"loc":{"start":{"line":67,"column":6},"end":{"line":69,"column":7}},"type":"if","locations":[{"start":{"line":67,"column":6},"end":{"line":69,"column":7}}]},"10":{"loc":{"start":{"line":90,"column":36},"end":{"line":90,"column":55}},"type":"default-arg","locations":[{"start":{"line":90,"column":53},"end":{"line":90,"column":55}}]},"11":{"loc":{"start":{"line":109,"column":2},"end":{"line":111,"column":3}},"type":"if","locations":[{"start":{"line":109,"column":2},"end":{"line":111,"column":3}}]},"12":{"loc":{"start":{"line":114,"column":2},"end":{"line":116,"column":3}},"type":"if","locations":[{"start":{"line":114,"column":2},"end":{"line":116,"column":3}}]},"13":{"loc":{"start":{"line":123,"column":4},"end":{"line":125,"column":5}},"type":"if","locations":[{"start":{"line":123,"column":4},"end":{"line":125,"column":5}}]},"14":{"loc":{"start":{"line":127,"column":4},"end":{"line":129,"column":5}},"type":"if","locations":[{"start":{"line":127,"column":4},"end":{"line":129,"column":5}}]},"15":{"loc":{"start":{"line":133,"column":4},"end":{"line":135,"column":5}},"type":"if","locations":[{"start":{"line":133,"column":4},"end":{"line":135,"column":5}}]},"16":{"loc":{"start":{"line":137,"column":4},"end":{"line":139,"column":5}},"type":"if","locations":[{"start":{"line":137,"column":4},"end":{"line":139,"column":5}}]},"17":{"loc":{"start":{"line":137,"column":8},"end":{"line":137,"column":63}},"type":"binary-expr","locations":[{"start":{"line":137,"column":8},"end":{"line":137,"column":28}},{"start":{"line":137,"column":32},"end":{"line":137,"column":63}}]}},"s":{"0":1,"1":1,"2":1,"3":2,"4":2,"5":18,"6":2,"7":2,"8":19,"9":0,"10":19,"11":0,"12":19,"13":19,"14":19,"15":1,"16":18,"17":18,"18":1,"19":17,"20":17,"21":17,"22":2,"23":2,"24":18,"25":18,"26":0,"27":18,"28":18,"29":17,"30":1,"31":1,"32":16,"33":16,"34":0,"35":16,"36":16,"37":1,"38":0,"39":0,"40":0,"41":0,"42":0,"43":0,"44":0,"45":0,"46":3,"47":0,"48":3,"49":1,"50":2,"51":2,"52":18,"53":0,"54":18,"55":0,"56":18,"57":18,"58":0,"59":18,"60":0},"f":{"0":2,"1":18,"2":19,"3":18,"4":0,"5":0,"6":0,"7":0,"8":3,"9":18},"b":{"0":[18],"1":[0],"2":[0],"3":[1],"4":[1],"5":[18,17],"6":[0],"7":[18],"8":[1,16],"9":[0],"10":[0],"11":[0],"12":[1],"13":[0],"14":[0],"15":[0],"16":[0],"17":[18,17]}}
,"C:\\Users\\thoma\\Projects\\bcm-visualizer\\src\\core\\index.ts": {"path":"C:\\Users\\thoma\\Projects\\bcm-visualizer\\src\\core\\index.ts","statementMap":{"0":{"start":{"line":1,"column":0},"end":{"line":1,"column":28}},"1":{"start":{"line":2,"column":0},"end":{"line":2,"column":28}}},"fnMap":{},"branchMap":{},"s":{"0":1,"1":1},"f":{},"b":{}}
,"C:\\Users\\thoma\\Projects\\bcm-visualizer\\src\\layout\\GridLayoutEngine.ts": {"path":"C:\\Users\\thoma\\Projects\\bcm-visualizer\\src\\layout\\GridLayoutEngine.ts","statementMap":{"0":{"start":{"line":1,"column":0},"end":{"line":1,"column":46}},"1":{"start":{"line":3,"column":0},"end":{"line":3,"column":48}},"2":{"start":{"line":17,"column":17},"end":{"line":17,"column":18}},"3":{"start":{"line":18,"column":20},"end":{"line":18,"column":21}},"4":{"start":{"line":21,"column":4},"end":{"line":30,"column":5}},"5":{"start":{"line":23,"column":6},"end":{"line":23,"column":48}},"6":{"start":{"line":26,"column":6},"end":{"line":29,"column":7}},"7":{"start":{"line":27,"column":8},"end":{"line":27,"column":74}},"8":{"start":{"line":28,"column":8},"end":{"line":28,"column":60}},"9":{"start":{"line":32,"column":4},"end":{"line":32,"column":21}},"10":{"start":{"line":44,"column":64},"end":{"line":44,"column":66}},"11":{"start":{"line":47,"column":25},"end":{"line":47,"column":87}},"12":{"start":{"line":48,"column":24},"end":{"line":48,"column":70}},"13":{"start":{"line":51,"column":16},"end":{"line":51,"column":98}},"14":{"start":{"line":54,"column":4},"end":{"line":98,"column":5}},"15":{"start":{"line":55,"column":27},"end":{"line":55,"column":92}},"16":{"start":{"line":58,"column":23},"end":{"line":58,"column":47}},"17":{"start":{"line":59,"column":23},"end":{"line":59,"column":38}},"18":{"start":{"line":62,"column":6},"end":{"line":62,"column":77}},"19":{"start":{"line":63,"column":21},"end":{"line":63,"column":77}},"20":{"start":{"line":66,"column":6},"end":{"line":77,"column":8}},"21":{"start":{"line":80,"column":6},"end":{"line":80,"column":77}},"22":{"start":{"line":83,"column":21},"end":{"line":83,"column":70}},"23":{"start":{"line":86,"column":6},"end":{"line":97,"column":8}},"24":{"start":{"line":100,"column":4},"end":{"line":100,"column":23}},"25":{"start":{"line":111,"column":4},"end":{"line":113,"column":5}},"26":{"start":{"line":112,"column":6},"end":{"line":112,"column":37}},"27":{"start":{"line":116,"column":60},"end":{"line":133,"column":6}},"28":{"start":{"line":118,"column":66},"end":{"line":118,"column":68}},"29":{"start":{"line":119,"column":26},"end":{"line":119,"column":89}},"30":{"start":{"line":122,"column":18},"end":{"line":122,"column":99}},"31":{"start":{"line":123,"column":19},"end":{"line":123,"column":102}},"32":{"start":{"line":126,"column":6},"end":{"line":130,"column":7}},"33":{"start":{"line":127,"column":26},"end":{"line":127,"column":79}},"34":{"start":{"line":128,"column":8},"end":{"line":128,"column":76}},"35":{"start":{"line":129,"column":8},"end":{"line":129,"column":58}},"36":{"start":{"line":132,"column":6},"end":{"line":132,"column":31}},"37":{"start":{"line":136,"column":17},"end":{"line":136,"column":53}},"38":{"start":{"line":137,"column":35},"end":{"line":137,"column":61}},"39":{"start":{"line":138,"column":33},"end":{"line":138,"column":56}},"40":{"start":{"line":141,"column":4},"end":{"line":147,"column":7}},"41":{"start":{"line":142,"column":18},"end":{"line":142,"column":45}},"42":{"start":{"line":143,"column":18},"end":{"line":143,"column":33}},"43":{"start":{"line":145,"column":6},"end":{"line":145,"column":79}},"44":{"start":{"line":146,"column":6},"end":{"line":146,"column":76}},"45":{"start":{"line":150,"column":23},"end":{"line":151,"column":54}},"46":{"start":{"line":150,"column":59},"end":{"line":150,"column":70}},"47":{"start":{"line":153,"column":24},"end":{"line":154,"column":52}},"48":{"start":{"line":153,"column":59},"end":{"line":153,"column":71}},"49":{"start":{"line":156,"column":4},"end":{"line":159,"column":6}},"50":{"start":{"line":176,"column":4},"end":{"line":176,"column":38}},"51":{"start":{"line":176,"column":31},"end":{"line":176,"column":38}},"52":{"start":{"line":178,"column":20},"end":{"line":178,"column":40}},"53":{"start":{"line":179,"column":17},"end":{"line":179,"column":53}},"54":{"start":{"line":182,"column":4},"end":{"line":184,"column":7}},"55":{"start":{"line":183,"column":6},"end":{"line":183,"column":44}},"56":{"start":{"line":187,"column":35},"end":{"line":187,"column":61}},"57":{"start":{"line":188,"column":33},"end":{"line":188,"column":56}},"58":{"start":{"line":190,"column":4},"end":{"line":199,"column":7}},"59":{"start":{"line":191,"column":18},"end":{"line":191,"column":45}},"60":{"start":{"line":192,"column":18},"end":{"line":192,"column":33}},"61":{"start":{"line":194,"column":25},"end":{"line":194,"column":62}},"62":{"start":{"line":195,"column":26},"end":{"line":195,"column":64}},"63":{"start":{"line":197,"column":6},"end":{"line":197,"column":66}},"64":{"start":{"line":198,"column":6},"end":{"line":198,"column":63}},"65":{"start":{"line":202,"column":35},"end":{"line":202,"column":38}},"66":{"start":{"line":203,"column":4},"end":{"line":205,"column":5}},"67":{"start":{"line":203,"column":17},"end":{"line":203,"column":18}},"68":{"start":{"line":204,"column":6},"end":{"line":204,"column":89}},"69":{"start":{"line":208,"column":35},"end":{"line":208,"column":38}},"70":{"start":{"line":209,"column":4},"end":{"line":211,"column":5}},"71":{"start":{"line":209,"column":17},"end":{"line":209,"column":18}},"72":{"start":{"line":210,"column":6},"end":{"line":210,"column":87}},"73":{"start":{"line":214,"column":4},"end":{"line":223,"column":7}},"74":{"start":{"line":215,"column":18},"end":{"line":215,"column":45}},"75":{"start":{"line":216,"column":18},"end":{"line":216,"column":33}},"76":{"start":{"line":218,"column":16},"end":{"line":218,"column":42}},"77":{"start":{"line":219,"column":16},"end":{"line":219,"column":42}},"78":{"start":{"line":222,"column":6},"end":{"line":222,"column":44}},"79":{"start":{"line":233,"column":4},"end":{"line":235,"column":5}},"80":{"start":{"line":234,"column":6},"end":{"line":234,"column":37}},"81":{"start":{"line":237,"column":19},"end":{"line":237,"column":20}},"82":{"start":{"line":238,"column":20},"end":{"line":238,"column":21}},"83":{"start":{"line":240,"column":4},"end":{"line":248,"column":7}},"84":{"start":{"line":241,"column":6},"end":{"line":247,"column":7}},"85":{"start":{"line":242,"column":22},"end":{"line":242,"column":55}},"86":{"start":{"line":243,"column":23},"end":{"line":243,"column":57}},"87":{"start":{"line":245,"column":8},"end":{"line":245,"column":45}},"88":{"start":{"line":246,"column":8},"end":{"line":246,"column":48}},"89":{"start":{"line":250,"column":4},"end":{"line":253,"column":6}},"90":{"start":{"line":8,"column":0},"end":{"line":8,"column":13}}},"fnMap":{"0":{"name":"(anonymous_1)","decl":{"start":{"line":15,"column":2},"end":{"line":15,"column":17}},"loc":{"start":{"line":15,"column":39},"end":{"line":33,"column":3}}},"1":{"name":"(anonymous_2)","decl":{"start":{"line":43,"column":10},"end":{"line":43,"column":29}},"loc":{"start":{"line":43,"column":66},"end":{"line":101,"column":3}}},"2":{"name":"(anonymous_3)","decl":{"start":{"line":110,"column":10},"end":{"line":110,"column":33}},"loc":{"start":{"line":110,"column":71},"end":{"line":160,"column":3}}},"3":{"name":"(anonymous_4)","decl":{"start":{"line":116,"column":73},"end":{"line":116,"column":78}},"loc":{"start":{"line":116,"column":81},"end":{"line":133,"column":5}}},"4":{"name":"(anonymous_5)","decl":{"start":{"line":141,"column":21},"end":{"line":141,"column":22}},"loc":{"start":{"line":141,"column":34},"end":{"line":147,"column":5}}},"5":{"name":"(anonymous_6)","decl":{"start":{"line":150,"column":43},"end":{"line":150,"column":44}},"loc":{"start":{"line":150,"column":59},"end":{"line":150,"column":70}}},"6":{"name":"(anonymous_7)","decl":{"start":{"line":153,"column":42},"end":{"line":153,"column":43}},"loc":{"start":{"line":153,"column":59},"end":{"line":153,"column":71}}},"7":{"name":"(anonymous_8)","decl":{"start":{"line":170,"column":10},"end":{"line":170,"column":26}},"loc":{"start":{"line":174,"column":18},"end":{"line":224,"column":3}}},"8":{"name":"(anonymous_9)","decl":{"start":{"line":182,"column":21},"end":{"line":182,"column":26}},"loc":{"start":{"line":182,"column":29},"end":{"line":184,"column":5}}},"9":{"name":"(anonymous_10)","decl":{"start":{"line":190,"column":21},"end":{"line":190,"column":22}},"loc":{"start":{"line":190,"column":38},"end":{"line":199,"column":5}}},"10":{"name":"(anonymous_11)","decl":{"start":{"line":214,"column":21},"end":{"line":214,"column":22}},"loc":{"start":{"line":214,"column":38},"end":{"line":223,"column":5}}},"11":{"name":"(anonymous_12)","decl":{"start":{"line":232,"column":2},"end":{"line":232,"column":22}},"loc":{"start":{"line":232,"column":44},"end":{"line":254,"column":3}}},"12":{"name":"(anonymous_13)","decl":{"start":{"line":240,"column":22},"end":{"line":240,"column":26}},"loc":{"start":{"line":240,"column":29},"end":{"line":248,"column":5}}}},"branchMap":{"0":{"loc":{"start":{"line":26,"column":6},"end":{"line":29,"column":7}},"type":"if","locations":[{"start":{"line":26,"column":6},"end":{"line":29,"column":7}}]},"1":{"loc":{"start":{"line":44,"column":12},"end":{"line":44,"column":25}},"type":"default-arg","locations":[{"start":{"line":44,"column":23},"end":{"line":44,"column":25}}]},"2":{"loc":{"start":{"line":44,"column":27},"end":{"line":44,"column":59}},"type":"default-arg","locations":[{"start":{"line":44,"column":40},"end":{"line":44,"column":59}}]},"3":{"loc":{"start":{"line":54,"column":4},"end":{"line":98,"column":5}},"type":"if","locations":[{"start":{"line":54,"column":4},"end":{"line":98,"column":5}},{"start":{"line":81,"column":11},"end":{"line":98,"column":5}}]},"4":{"loc":{"start":{"line":111,"column":4},"end":{"line":113,"column":5}},"type":"if","locations":[{"start":{"line":111,"column":4},"end":{"line":113,"column":5}}]},"5":{"loc":{"start":{"line":118,"column":14},"end":{"line":118,"column":27}},"type":"default-arg","locations":[{"start":{"line":118,"column":25},"end":{"line":118,"column":27}}]},"6":{"loc":{"start":{"line":118,"column":29},"end":{"line":118,"column":61}},"type":"default-arg","locations":[{"start":{"line":118,"column":42},"end":{"line":118,"column":61}}]},"7":{"loc":{"start":{"line":126,"column":6},"end":{"line":130,"column":7}},"type":"if","locations":[{"start":{"line":126,"column":6},"end":{"line":130,"column":7}}]},"8":{"loc":{"start":{"line":176,"column":4},"end":{"line":176,"column":38}},"type":"if","locations":[{"start":{"line":176,"column":4},"end":{"line":176,"column":38}}]},"9":{"loc":{"start":{"line":194,"column":25},"end":{"line":194,"column":62}},"type":"cond-expr","locations":[{"start":{"line":194,"column":40},"end":{"line":194,"column":58}},{"start":{"line":194,"column":61},"end":{"line":194,"column":62}}]},"10":{"loc":{"start":{"line":195,"column":26},"end":{"line":195,"column":64}},"type":"cond-expr","locations":[{"start":{"line":195,"column":41},"end":{"line":195,"column":60}},{"start":{"line":195,"column":63},"end":{"line":195,"column":64}}]},"11":{"loc":{"start":{"line":233,"column":4},"end":{"line":235,"column":5}},"type":"if","locations":[{"start":{"line":233,"column":4},"end":{"line":235,"column":5}}]},"12":{"loc":{"start":{"line":241,"column":6},"end":{"line":247,"column":7}},"type":"if","locations":[{"start":{"line":241,"column":6},"end":{"line":247,"column":7}}]}},"s":{"0":1,"1":1,"2":1,"3":1,"4":1,"5":1,"6":1,"7":1,"8":1,"9":1,"10":57,"11":57,"12":57,"13":57,"14":57,"15":7,"16":7,"17":7,"18":7,"19":7,"20":7,"21":7,"22":50,"23":50,"24":57,"25":10,"26":0,"27":10,"28":40,"29":40,"30":40,"31":40,"32":40,"33":3,"34":3,"35":3,"36":40,"37":10,"38":10,"39":10,"40":10,"41":40,"42":40,"43":40,"44":40,"45":10,"46":20,"47":10,"48":23,"49":10,"50":7,"51":0,"52":7,"53":7,"54":7,"55":28,"56":7,"57":7,"58":7,"59":28,"60":28,"61":28,"62":28,"63":28,"64":28,"65":7,"66":7,"67":7,"68":7,"69":7,"70":7,"71":7,"72":9,"73":7,"74":28,"75":28,"76":28,"77":28,"78":28,"79":1,"80":0,"81":1,"82":1,"83":1,"84":1,"85":1,"86":1,"87":1,"88":1,"89":1,"90":1},"f":{"0":1,"1":57,"2":10,"3":40,"4":40,"5":20,"6":23,"7":7,"8":28,"9":28,"10":28,"11":1,"12":1},"b":{"0":[1],"1":[57],"2":[57],"3":[7,50],"4":[0],"5":[40],"6":[40],"7":[3],"8":[0],"9":[28,0],"10":[28,0],"11":[0],"12":[1]}}
,"C:\\Users\\thoma\\Projects\\bcm-visualizer\\src\\layout\\LayoutEngine.ts": {"path":"C:\\Users\\thoma\\Projects\\bcm-visualizer\\src\\layout\\LayoutEngine.ts","statementMap":{"0":{"start":{"line":24,"column":4},"end":{"line":24,"column":67}},"1":{"start":{"line":6,"column":0},"end":{"line":6,"column":22}},"2":{"start":{"line":10,"column":26},"end":{"line":16,"column":4}}},"fnMap":{"0":{"name":"(anonymous_0)","decl":{"start":{"line":23,"column":2},"end":{"line":23,"column":14}},"loc":{"start":{"line":23,"column":41},"end":{"line":25,"column":3}}}},"branchMap":{"0":{"loc":{"start":{"line":23,"column":14},"end":{"line":23,"column":41}},"type":"default-arg","locations":[{"start":{"line":23,"column":39},"end":{"line":23,"column":41}}]}},"s":{"0":1,"1":1,"2":1},"f":{"0":1},"b":{"0":[0]}}
,"C:\\Users\\thoma\\Projects\\bcm-visualizer\\src\\layout\\index.ts": {"path":"C:\\Users\\thoma\\Projects\\bcm-visualizer\\src\\layout\\index.ts","statementMap":{"0":{"start":{"line":14,"column":0},"end":{"line":14,"column":16}},"1":{"start":{"line":1,"column":0},"end":{"line":1,"column":31}},"2":{"start":{"line":2,"column":0},"end":{"line":2,"column":35}},"3":{"start":{"line":5,"column":0},"end":{"line":5,"column":54}},"4":{"start":{"line":17,"column":2},"end":{"line":17,"column":39}}},"fnMap":{"0":{"name":"createLayoutEngine","decl":{"start":{"line":14,"column":16},"end":{"line":14,"column":34}},"loc":{"start":{"line":14,"column":62},"end":{"line":18,"column":1}}}},"branchMap":{"0":{"loc":{"start":{"line":14,"column":35},"end":{"line":14,"column":62}},"type":"default-arg","locations":[{"start":{"line":14,"column":60},"end":{"line":14,"column":62}}]}},"s":{"0":1,"1":1,"2":1,"3":1,"4":1},"f":{"0":1},"b":{"0":[0]}}
,"C:\\Users\\thoma\\Projects\\bcm-visualizer\\src\\output\\PdfConverter.ts": {"path":"C:\\Users\\thoma\\Projects\\bcm-visualizer\\src\\output\\PdfConverter.ts","statementMap":{"0":{"start":{"line":12,"column":4},"end":{"line":68,"column":5}},"1":{"start":{"line":14,"column":31},"end":{"line":14,"column":61}},"2":{"start":{"line":15,"column":27},"end":{"line":15,"column":45}},"3":{"start":{"line":16,"column":24},"end":{"line":16,"column":61}},"4":{"start":{"line":19,"column":6},"end":{"line":64,"column":7}},"5":{"start":{"line":20,"column":28},"end":{"line":20,"column":60}},"6":{"start":{"line":20,"column":29},"end":{"line":20,"column":51}},"7":{"start":{"line":21,"column":26},"end":{"line":21,"column":57}},"8":{"start":{"line":24,"column":22},"end":{"line":24,"column":42}},"9":{"start":{"line":25,"column":21},"end":{"line":25,"column":36}},"10":{"start":{"line":27,"column":22},"end":{"line":27,"column":40}},"11":{"start":{"line":28,"column":23},"end":{"line":28,"column":42}},"12":{"start":{"line":31,"column":20},"end":{"line":34,"column":10}},"13":{"start":{"line":37,"column":8},"end":{"line":40,"column":11}},"14":{"start":{"line":43,"column":8},"end":{"line":43,"column":18}},"15":{"start":{"line":45,"column":8},"end":{"line":61,"column":11}},"16":{"start":{"line":47,"column":35},"end":{"line":47,"column":37}},"17":{"start":{"line":49,"column":10},"end":{"line":51,"column":13}},"18":{"start":{"line":50,"column":12},"end":{"line":50,"column":44}},"19":{"start":{"line":53,"column":10},"end":{"line":56,"column":13}},"20":{"start":{"line":54,"column":30},"end":{"line":54,"column":51}},"21":{"start":{"line":55,"column":12},"end":{"line":55,"column":31}},"22":{"start":{"line":58,"column":10},"end":{"line":60,"column":13}},"23":{"start":{"line":59,"column":12},"end":{"line":59,"column":62}},"24":{"start":{"line":63,"column":8},"end":{"line":63,"column":104}},"25":{"start":{"line":66,"column":6},"end":{"line":66,"column":54}},"26":{"start":{"line":67,"column":6},"end":{"line":67,"column":124}},"27":{"start":{"line":4,"column":0},"end":{"line":4,"column":13}}},"fnMap":{"0":{"name":"(anonymous_9)","decl":{"start":{"line":11,"column":2},"end":{"line":11,"column":7}},"loc":{"start":{"line":11,"column":33},"end":{"line":69,"column":3}}},"1":{"name":"(anonymous_10)","decl":{"start":{"line":14,"column":31},"end":{"line":14,"column":44}},"loc":{"start":{"line":14,"column":31},"end":{"line":14,"column":61}}},"2":{"name":"(anonymous_11)","decl":{"start":{"line":20,"column":29},"end":{"line":20,"column":42}},"loc":{"start":{"line":20,"column":29},"end":{"line":20,"column":51}}},"3":{"name":"(anonymous_12)","decl":{"start":{"line":21,"column":26},"end":{"line":21,"column":39}},"loc":{"start":{"line":21,"column":26},"end":{"line":21,"column":57}}},"4":{"name":"(anonymous_13)","decl":{"start":{"line":45,"column":27},"end":{"line":45,"column":28}},"loc":{"start":{"line":45,"column":47},"end":{"line":61,"column":9}}},"5":{"name":"(anonymous_14)","decl":{"start":{"line":49,"column":25},"end":{"line":49,"column":26}},"loc":{"start":{"line":49,"column":35},"end":{"line":51,"column":11}}},"6":{"name":"(anonymous_15)","decl":{"start":{"line":53,"column":24},"end":{"line":53,"column":27}},"loc":{"start":{"line":53,"column":29},"end":{"line":56,"column":11}}},"7":{"name":"(anonymous_16)","decl":{"start":{"line":58,"column":26},"end":{"line":58,"column":27}},"loc":{"start":{"line":58,"column":34},"end":{"line":60,"column":11}}}},"branchMap":{"0":{"loc":{"start":{"line":27,"column":22},"end":{"line":27,"column":40}},"type":"binary-expr","locations":[{"start":{"line":27,"column":22},"end":{"line":27,"column":33}},{"start":{"line":27,"column":37},"end":{"line":27,"column":40}}]},"1":{"loc":{"start":{"line":28,"column":23},"end":{"line":28,"column":42}},"type":"binary-expr","locations":[{"start":{"line":28,"column":23},"end":{"line":28,"column":35}},{"start":{"line":28,"column":39},"end":{"line":28,"column":42}}]}},"s":{"0":0,"1":0,"2":0,"3":0,"4":0,"5":0,"6":0,"7":0,"8":0,"9":0,"10":0,"11":0,"12":0,"13":0,"14":0,"15":0,"16":0,"17":0,"18":0,"19":0,"20":0,"21":0,"22":0,"23":0,"24":0,"25":0,"26":0,"27":1},"f":{"0":0,"1":0,"2":0,"3":0,"4":0,"5":0,"6":0,"7":0},"b":{"0":[0,0],"1":[0,0]}}
,"C:\\Users\\thoma\\Projects\\bcm-visualizer\\src\\output\\PngConverter.ts": {"path":"C:\\Users\\thoma\\Projects\\bcm-visualizer\\src\\output\\PngConverter.ts","statementMap":{"0":{"start":{"line":12,"column":4},"end":{"line":27,"column":5}},"1":{"start":{"line":14,"column":24},"end":{"line":14,"column":55}},"2":{"start":{"line":17,"column":20},"end":{"line":17,"column":40}},"3":{"start":{"line":20,"column":22},"end":{"line":20,"column":36}},"4":{"start":{"line":21,"column":24},"end":{"line":21,"column":39}},"5":{"start":{"line":23,"column":6},"end":{"line":23,"column":23}},"6":{"start":{"line":25,"column":6},"end":{"line":25,"column":54}},"7":{"start":{"line":26,"column":6},"end":{"line":26,"column":158}},"8":{"start":{"line":4,"column":0},"end":{"line":4,"column":13}}},"fnMap":{"0":{"name":"(anonymous_9)","decl":{"start":{"line":11,"column":2},"end":{"line":11,"column":7}},"loc":{"start":{"line":11,"column":33},"end":{"line":28,"column":3}}},"1":{"name":"(anonymous_10)","decl":{"start":{"line":14,"column":24},"end":{"line":14,"column":37}},"loc":{"start":{"line":14,"column":24},"end":{"line":14,"column":55}}}},"branchMap":{},"s":{"0":0,"1":0,"2":0,"3":0,"4":0,"5":0,"6":0,"7":0,"8":1},"f":{"0":0,"1":0},"b":{}}
,"C:\\Users\\thoma\\Projects\\bcm-visualizer\\src\\output\\index.ts": {"path":"C:\\Users\\thoma\\Projects\\bcm-visualizer\\src\\output\\index.ts","statementMap":{"0":{"start":{"line":15,"column":0},"end":{"line":15,"column":7}},"1":{"start":{"line":1,"column":0},"end":{"line":1,"column":31}},"2":{"start":{"line":2,"column":0},"end":{"line":2,"column":31}},"3":{"start":{"line":4,"column":0},"end":{"line":4,"column":46}},"4":{"start":{"line":5,"column":0},"end":{"line":5,"column":46}},"5":{"start":{"line":19,"column":2},"end":{"line":35,"column":3}},"6":{"start":{"line":21,"column":6},"end":{"line":21,"column":23}},"7":{"start":{"line":24,"column":24},"end":{"line":24,"column":42}},"8":{"start":{"line":25,"column":6},"end":{"line":25,"column":48}},"9":{"start":{"line":29,"column":24},"end":{"line":29,"column":42}},"10":{"start":{"line":30,"column":6},"end":{"line":30,"column":48}},"11":{"start":{"line":34,"column":6},"end":{"line":34,"column":62}}},"fnMap":{"0":{"name":"convertOutput","decl":{"start":{"line":15,"column":22},"end":{"line":15,"column":35}},"loc":{"start":{"line":17,"column":22},"end":{"line":36,"column":1}}}},"branchMap":{"0":{"loc":{"start":{"line":19,"column":2},"end":{"line":35,"column":3}},"type":"switch","locations":[{"start":{"line":20,"column":4},"end":{"line":21,"column":23}},{"start":{"line":23,"column":4},"end":{"line":26,"column":5}},{"start":{"line":28,"column":4},"end":{"line":31,"column":5}},{"start":{"line":33,"column":4},"end":{"line":34,"column":62}}]}},"s":{"0":1,"1":1,"2":1,"3":1,"4":1,"5":0,"6":0,"7":0,"8":0,"9":0,"10":0,"11":0},"f":{"0":0},"b":{"0":[0,0,0,0]}}
,"C:\\Users\\thoma\\Projects\\bcm-visualizer\\src\\rendering\\SvgRenderer.ts": {"path":"C:\\Users\\thoma\\Projects\\bcm-visualizer\\src\\rendering\\SvgRenderer.ts","statementMap":{"0":{"start":{"line":32,"column":4},"end":{"line":32,"column":67}},"1":{"start":{"line":45,"column":4},"end":{"line":45,"column":31}},"2":{"start":{"line":48,"column":4},"end":{"line":48,"column":55}},"3":{"start":{"line":51,"column":4},"end":{"line":53,"column":5}},"4":{"start":{"line":52,"column":6},"end":{"line":52,"column":28}},"5":{"start":{"line":56,"column":22},"end":{"line":56,"column":41}},"6":{"start":{"line":57,"column":4},"end":{"line":57,"column":19}},"7":{"start":{"line":59,"column":4},"end":{"line":59,"column":21}},"8":{"start":{"line":66,"column":4},"end":{"line":81,"column":5}},"9":{"start":{"line":68,"column":6},"end":{"line":68,"column":50}},"10":{"start":{"line":68,"column":17},"end":{"line":68,"column":49}},"11":{"start":{"line":71,"column":38},"end":{"line":71,"column":70}},"12":{"start":{"line":72,"column":34},"end":{"line":72,"column":56}},"13":{"start":{"line":74,"column":6},"end":{"line":74,"column":38}},"14":{"start":{"line":75,"column":23},"end":{"line":75,"column":43}},"15":{"start":{"line":78,"column":6},"end":{"line":78,"column":44}},"16":{"start":{"line":80,"column":6},"end":{"line":80,"column":25}},"17":{"start":{"line":89,"column":4},"end":{"line":91,"column":5}},"18":{"start":{"line":94,"column":4},"end":{"line":94,"column":25}},"19":{"start":{"line":103,"column":4},"end":{"line":106,"column":5}},"20":{"start":{"line":104,"column":6},"end":{"line":104,"column":69}},"21":{"start":{"line":105,"column":6},"end":{"line":105,"column":13}},"22":{"start":{"line":108,"column":36},"end":{"line":108,"column":47}},"23":{"start":{"line":111,"column":18},"end":{"line":111,"column":39}},"24":{"start":{"line":114,"column":18},"end":{"line":114,"column":44}},"25":{"start":{"line":115,"column":4},"end":{"line":117,"column":5}},"26":{"start":{"line":116,"column":6},"end":{"line":116,"column":59}},"27":{"start":{"line":120,"column":17},"end":{"line":124,"column":38}},"28":{"start":{"line":127,"column":18},"end":{"line":135,"column":50}},"29":{"start":{"line":138,"column":4},"end":{"line":138,"column":28}},"30":{"start":{"line":141,"column":4},"end":{"line":145,"column":5}},"31":{"start":{"line":142,"column":6},"end":{"line":144,"column":7}},"32":{"start":{"line":143,"column":8},"end":{"line":143,"column":31}},"33":{"start":{"line":6,"column":0},"end":{"line":6,"column":13}},"34":{"start":{"line":12,"column":26},"end":{"line":22,"column":4}}},"fnMap":{"0":{"name":"(anonymous_9)","decl":{"start":{"line":31,"column":2},"end":{"line":31,"column":14}},"loc":{"start":{"line":31,"column":45},"end":{"line":33,"column":3}}},"1":{"name":"(anonymous_10)","decl":{"start":{"line":43,"column":2},"end":{"line":43,"column":7}},"loc":{"start":{"line":43,"column":67},"end":{"line":60,"column":3}}},"2":{"name":"(anonymous_11)","decl":{"start":{"line":65,"column":10},"end":{"line":65,"column":15}},"loc":{"start":{"line":65,"column":29},"end":{"line":82,"column":3}}},"3":{"name":"(anonymous_12)","decl":{"start":{"line":68,"column":17},"end":{"line":68,"column":30}},"loc":{"start":{"line":68,"column":17},"end":{"line":68,"column":49}}},"4":{"name":"(anonymous_13)","decl":{"start":{"line":71,"column":38},"end":{"line":71,"column":51}},"loc":{"start":{"line":71,"column":38},"end":{"line":71,"column":70}}},"5":{"name":"(anonymous_14)","decl":{"start":{"line":72,"column":34},"end":{"line":72,"column":47}},"loc":{"start":{"line":72,"column":34},"end":{"line":72,"column":56}}},"6":{"name":"(anonymous_15)","decl":{"start":{"line":87,"column":10},"end":{"line":87,"column":17}},"loc":{"start":{"line":87,"column":17},"end":{"line":95,"column":3}}},"7":{"name":"(anonymous_16)","decl":{"start":{"line":102,"column":10},"end":{"line":102,"column":20}},"loc":{"start":{"line":102,"column":35},"end":{"line":146,"column":3}}}},"branchMap":{"0":{"loc":{"start":{"line":31,"column":14},"end":{"line":31,"column":45}},"type":"default-arg","locations":[{"start":{"line":31,"column":43},"end":{"line":31,"column":45}}]},"1":{"loc":{"start":{"line":66,"column":4},"end":{"line":81,"column":5}},"type":"if","locations":[{"start":{"line":66,"column":4},"end":{"line":81,"column":5}},{"start":{"line":69,"column":11},"end":{"line":81,"column":5}}]},"2":{"loc":{"start":{"line":66,"column":8},"end":{"line":66,"column":56}},"type":"binary-expr","locations":[{"start":{"line":66,"column":8},"end":{"line":66,"column":37}},{"start":{"line":66,"column":41},"end":{"line":66,"column":56}}]},"3":{"loc":{"start":{"line":89,"column":4},"end":{"line":91,"column":5}},"type":"if","locations":[{"start":{"line":89,"column":4},"end":{"line":91,"column":5}}]},"4":{"loc":{"start":{"line":103,"column":4},"end":{"line":106,"column":5}},"type":"if","locations":[{"start":{"line":103,"column":4},"end":{"line":106,"column":5}}]},"5":{"loc":{"start":{"line":115,"column":4},"end":{"line":117,"column":5}},"type":"if","locations":[{"start":{"line":115,"column":4},"end":{"line":117,"column":5}}]},"6":{"loc":{"start":{"line":115,"column":8},"end":{"line":115,"column":71}},"type":"binary-expr","locations":[{"start":{"line":115,"column":8},"end":{"line":115,"column":25}},{"start":{"line":115,"column":29},"end":{"line":115,"column":71}}]},"7":{"loc":{"start":{"line":141,"column":4},"end":{"line":145,"column":5}},"type":"if","locations":[{"start":{"line":141,"column":4},"end":{"line":145,"column":5}}]}},"s":{"0":1,"1":1,"2":0,"3":0,"4":0,"5":0,"6":0,"7":0,"8":1,"9":0,"10":0,"11":2,"12":2,"13":0,"14":0,"15":0,"16":0,"17":0,"18":0,"19":0,"20":0,"21":0,"22":0,"23":0,"24":0,"25":0,"26":0,"27":0,"28":0,"29":0,"30":0,"31":0,"32":0,"33":1,"34":1},"f":{"0":1,"1":1,"2":1,"3":0,"4":1,"5":1,"6":0,"7":0},"b":{"0":[0],"1":[0,1],"2":[1,0],"3":[0],"4":[0],"5":[0],"6":[0,0],"7":[0]}}
,"C:\\Users\\thoma\\Projects\\bcm-visualizer\\src\\rendering\\index.ts": {"path":"C:\\Users\\thoma\\Projects\\bcm-visualizer\\src\\rendering\\index.ts","statementMap":{"0":{"start":{"line":1,"column":0},"end":{"line":1,"column":30}}},"fnMap":{},"branchMap":{},"s":{"0":1},"f":{},"b":{}}
,"C:\\Users\\thoma\\Projects\\bcm-visualizer\\src\\types\\index.ts": {"path":"C:\\Users\\thoma\\Projects\\bcm-visualizer\\src\\types\\index.ts","statementMap":{"0":{"start":{"line":1,"column":0},"end":{"line":1,"column":24}},"1":{"start":{"line":2,"column":0},"end":{"line":2,"column":25}},"2":{"start":{"line":3,"column":0},"end":{"line":3,"column":24}}},"fnMap":{},"branchMap":{},"s":{"0":0,"1":0,"2":0},"f":{},"b":{}}
,"C:\\Users\\thoma\\Projects\\bcm-visualizer\\src\\utils\\index.ts": {"path":"C:\\Users\\thoma\\Projects\\bcm-visualizer\\src\\utils\\index.ts","statementMap":{"0":{"start":{"line":1,"column":0},"end":{"line":1,"column":30}},"1":{"start":{"line":2,"column":0},"end":{"line":2,"column":29}}},"fnMap":{},"branchMap":{},"s":{"0":0,"1":0},"f":{},"b":{}}
,"C:\\Users\\thoma\\Projects\\bcm-visualizer\\src\\utils\\styleUtils.ts": {"path":"C:\\Users\\thoma\\Projects\\bcm-visualizer\\src\\utils\\styleUtils.ts","statementMap":{"0":{"start":{"line":9,"column":0},"end":{"line":9,"column":16}},"1":{"start":{"line":48,"column":0},"end":{"line":48,"column":16}},"2":{"start":{"line":65,"column":0},"end":{"line":65,"column":16}},"3":{"start":{"line":11,"column":2},"end":{"line":13,"column":3}},"4":{"start":{"line":12,"column":4},"end":{"line":12,"column":21}},"5":{"start":{"line":20,"column":2},"end":{"line":32,"column":3}},"6":{"start":{"line":22,"column":4},"end":{"line":22,"column":54}},"7":{"start":{"line":23,"column":4},"end":{"line":23,"column":54}},"8":{"start":{"line":24,"column":4},"end":{"line":24,"column":54}},"9":{"start":{"line":25,"column":9},"end":{"line":32,"column":3}},"10":{"start":{"line":27,"column":4},"end":{"line":27,"column":88}},"11":{"start":{"line":28,"column":4},"end":{"line":28,"column":88}},"12":{"start":{"line":29,"column":4},"end":{"line":29,"column":88}},"13":{"start":{"line":31,"column":4},"end":{"line":31,"column":21}},"14":{"start":{"line":36,"column":21},"end":{"line":36,"column":57}},"15":{"start":{"line":39,"column":2},"end":{"line":39,"column":50}},"16":{"start":{"line":49,"column":2},"end":{"line":54,"column":3}},"17":{"start":{"line":50,"column":4},"end":{"line":53,"column":6}},"18":{"start":{"line":56,"column":2},"end":{"line":56,"column":15}},"19":{"start":{"line":66,"column":42},"end":{"line":66,"column":44}},"20":{"start":{"line":69,"column":17},"end":{"line":80,"column":4}},"21":{"start":{"line":82,"column":2},"end":{"line":84,"column":5}},"22":{"start":{"line":83,"column":4},"end":{"line":83,"column":48}},"23":{"start":{"line":86,"column":2},"end":{"line":86,"column":17}}},"fnMap":{"0":{"name":"getContrastingTextColor","decl":{"start":{"line":9,"column":16},"end":{"line":9,"column":39}},"loc":{"start":{"line":9,"column":63},"end":{"line":40,"column":1}}},"1":{"name":"applyAutoTextColor","decl":{"start":{"line":48,"column":16},"end":{"line":48,"column":34}},"loc":{"start":{"line":48,"column":54},"end":{"line":57,"column":1}}},"2":{"name":"generateColorPalette","decl":{"start":{"line":65,"column":16},"end":{"line":65,"column":36}},"loc":{"start":{"line":65,"column":54},"end":{"line":87,"column":1}}},"3":{"name":"(anonymous_3)","decl":{"start":{"line":82,"column":18},"end":{"line":82,"column":19}},"loc":{"start":{"line":82,"column":32},"end":{"line":84,"column":3}}}},"branchMap":{"0":{"loc":{"start":{"line":11,"column":2},"end":{"line":13,"column":3}},"type":"if","locations":[{"start":{"line":11,"column":2},"end":{"line":13,"column":3}}]},"1":{"loc":{"start":{"line":11,"column":6},"end":{"line":11,"column":58}},"type":"binary-expr","locations":[{"start":{"line":11,"column":6},"end":{"line":11,"column":22}},{"start":{"line":11,"column":26},"end":{"line":11,"column":58}}]},"2":{"loc":{"start":{"line":20,"column":2},"end":{"line":32,"column":3}},"type":"if","locations":[{"start":{"line":20,"column":2},"end":{"line":32,"column":3}},{"start":{"line":25,"column":9},"end":{"line":32,"column":3}}]},"3":{"loc":{"start":{"line":25,"column":9},"end":{"line":32,"column":3}},"type":"if","locations":[{"start":{"line":25,"column":9},"end":{"line":32,"column":3}},{"start":{"line":30,"column":9},"end":{"line":32,"column":3}}]},"4":{"loc":{"start":{"line":39,"column":9},"end":{"line":39,"column":49}},"type":"cond-expr","locations":[{"start":{"line":39,"column":28},"end":{"line":39,"column":37}},{"start":{"line":39,"column":40},"end":{"line":39,"column":49}}]},"5":{"loc":{"start":{"line":49,"column":2},"end":{"line":54,"column":3}},"type":"if","locations":[{"start":{"line":49,"column":2},"end":{"line":54,"column":3}}]},"6":{"loc":{"start":{"line":49,"column":6},"end":{"line":49,"column":47}},"type":"binary-expr","locations":[{"start":{"line":49,"column":6},"end":{"line":49,"column":22}},{"start":{"line":49,"column":26},"end":{"line":49,"column":47}}]}},"s":{"0":0,"1":0,"2":0,"3":0,"4":0,"5":0,"6":0,"7":0,"8":0,"9":0,"10":0,"11":0,"12":0,"13":0,"14":0,"15":0,"16":0,"17":0,"18":0,"19":0,"20":0,"21":0,"22":0,"23":0},"f":{"0":0,"1":0,"2":0,"3":0},"b":{"0":[0],"1":[0,0],"2":[0,0],"3":[0,0],"4":[0,0],"5":[0],"6":[0,0]}}
,"C:\\Users\\thoma\\Projects\\bcm-visualizer\\src\\utils\\textMeasure.ts": {"path":"C:\\Users\\thoma\\Projects\\bcm-visualizer\\src\\utils\\textMeasure.ts","statementMap":{"0":{"start":{"line":103,"column":0},"end":{"line":103,"column":16}},"1":{"start":{"line":24,"column":4},"end":{"line":31,"column":5}},"2":{"start":{"line":26,"column":31},"end":{"line":26,"column":48}},"3":{"start":{"line":27,"column":6},"end":{"line":27,"column":43}},"4":{"start":{"line":28,"column":6},"end":{"line":28,"column":50}},"5":{"start":{"line":30,"column":6},"end":{"line":30,"column":88}},"6":{"start":{"line":35,"column":4},"end":{"line":51,"column":5}},"7":{"start":{"line":37,"column":6},"end":{"line":37,"column":56}},"8":{"start":{"line":38,"column":22},"end":{"line":38,"column":52}},"9":{"start":{"line":42,"column":21},"end":{"line":42,"column":35}},"10":{"start":{"line":44,"column":6},"end":{"line":47,"column":8}},"11":{"start":{"line":50,"column":6},"end":{"line":50,"column":54}},"12":{"start":{"line":56,"column":18},"end":{"line":56,"column":46}},"13":{"start":{"line":57,"column":19},"end":{"line":57,"column":33}},"14":{"start":{"line":59,"column":4},"end":{"line":59,"column":29}},"15":{"start":{"line":19,"column":0},"end":{"line":19,"column":13}},"16":{"start":{"line":71,"column":4},"end":{"line":71,"column":51}},"17":{"start":{"line":72,"column":16},"end":{"line":72,"column":44}},"18":{"start":{"line":73,"column":4},"end":{"line":75,"column":5}},"19":{"start":{"line":74,"column":6},"end":{"line":74,"column":75}},"20":{"start":{"line":76,"column":4},"end":{"line":76,"column":23}},"21":{"start":{"line":80,"column":4},"end":{"line":80,"column":54}},"22":{"start":{"line":81,"column":20},"end":{"line":81,"column":50}},"23":{"start":{"line":86,"column":4},"end":{"line":91,"column":5}},"24":{"start":{"line":87,"column":6},"end":{"line":87,"column":82}},"25":{"start":{"line":90,"column":6},"end":{"line":90,"column":30}},"26":{"start":{"line":93,"column":4},"end":{"line":96,"column":6}},"27":{"start":{"line":66,"column":0},"end":{"line":66,"column":13}},"28":{"start":{"line":104,"column":2},"end":{"line":108,"column":3}},"29":{"start":{"line":105,"column":4},"end":{"line":105,"column":37}},"30":{"start":{"line":107,"column":4},"end":{"line":107,"column":34}},"31":{"start":{"line":112,"column":21},"end":{"line":112,"column":41}},"32":{"start":{"line":114,"column":0},"end":{"line":114,"column":28}}},"fnMap":{"0":{"name":"(anonymous_0)","decl":{"start":{"line":23,"column":2},"end":{"line":23,"column":null}},"loc":{"start":{"line":23,"column":2},"end":{"line":32,"column":3}}},"1":{"name":"(anonymous_1)","decl":{"start":{"line":34,"column":2},"end":{"line":34,"column":13}},"loc":{"start":{"line":34,"column":64},"end":{"line":52,"column":3}}},"2":{"name":"(anonymous_2)","decl":{"start":{"line":54,"column":10},"end":{"line":54,"column":29}},"loc":{"start":{"line":54,"column":60},"end":{"line":60,"column":3}}},"3":{"name":"(anonymous_3)","decl":{"start":{"line":70,"column":2},"end":{"line":70,"column":null}},"loc":{"start":{"line":70,"column":2},"end":{"line":77,"column":3}}},"4":{"name":"(anonymous_4)","decl":{"start":{"line":79,"column":2},"end":{"line":79,"column":13}},"loc":{"start":{"line":79,"column":64},"end":{"line":97,"column":3}}},"5":{"name":"createTextMeasurer","decl":{"start":{"line":103,"column":16},"end":{"line":103,"column":34}},"loc":{"start":{"line":103,"column":34},"end":{"line":109,"column":1}}}},"branchMap":{"0":{"loc":{"start":{"line":35,"column":4},"end":{"line":51,"column":5}},"type":"if","locations":[{"start":{"line":35,"column":4},"end":{"line":51,"column":5}},{"start":{"line":48,"column":11},"end":{"line":51,"column":5}}]},"1":{"loc":{"start":{"line":73,"column":4},"end":{"line":75,"column":5}},"type":"if","locations":[{"start":{"line":73,"column":4},"end":{"line":75,"column":5}}]},"2":{"loc":{"start":{"line":86,"column":4},"end":{"line":91,"column":5}},"type":"if","locations":[{"start":{"line":86,"column":4},"end":{"line":91,"column":5}},{"start":{"line":88,"column":11},"end":{"line":91,"column":5}}]},"3":{"loc":{"start":{"line":86,"column":8},"end":{"line":86,"column":75}},"type":"binary-expr","locations":[{"start":{"line":86,"column":8},"end":{"line":86,"column":39}},{"start":{"line":86,"column":43},"end":{"line":86,"column":75}}]},"4":{"loc":{"start":{"line":104,"column":2},"end":{"line":108,"column":3}},"type":"if","locations":[{"start":{"line":104,"column":2},"end":{"line":108,"column":3}},{"start":{"line":106,"column":9},"end":{"line":108,"column":3}}]},"5":{"loc":{"start":{"line":104,"column":6},"end":{"line":104,"column":54}},"type":"binary-expr","locations":[{"start":{"line":104,"column":6},"end":{"line":104,"column":35}},{"start":{"line":104,"column":39},"end":{"line":104,"column":54}}]}},"s":{"0":1,"1":1,"2":1,"3":0,"4":0,"5":1,"6":97,"7":0,"8":0,"9":0,"10":0,"11":97,"12":97,"13":97,"14":97,"15":1,"16":0,"17":0,"18":0,"19":0,"20":0,"21":0,"22":0,"23":0,"24":0,"25":0,"26":0,"27":1,"28":1,"29":0,"30":1,"31":1,"32":1},"f":{"0":1,"1":97,"2":97,"3":0,"4":0,"5":1},"b":{"0":[0,97],"1":[0],"2":[0,0],"3":[0,0],"4":[0,1],"5":[1,0]}}
}
