TN:
SF:src\index.ts
FN:10,(anonymous_4)
FNF:1
FNH:0
FNDA:0,(anonymous_4)
DA:2,0
DA:3,0
DA:4,0
DA:5,0
DA:6,0
DA:7,0
DA:10,0
LF:7
LH:0
BRF:0
BRH:0
end_of_record
TN:
SF:src\config\defaults.ts
FNF:0
FNH:0
DA:6,1
DA:17,1
DA:32,1
LF:3
LH:3
BRF:0
BRH:0
end_of_record
TN:
SF:src\config\index.ts
FNF:0
FNH:0
DA:1,1
LF:1
LH:1
BRF:0
BRH:0
end_of_record
TN:
SF:src\core\generator.ts
FN:15,generateDiagram
FNF:1
FNH:1
FNDA:3,generateDiagram
DA:2,1
DA:3,1
DA:4,1
DA:5,1
DA:6,1
DA:15,1
DA:19,3
DA:21,3
DA:29,3
DA:32,2
DA:35,1
DA:36,1
DA:39,1
DA:42,1
DA:43,1
DA:50,0
DA:52,0
DA:54,3
LF:18
LH:16
BRDA:17,0,0,3
BRF:1
BRH:1
end_of_record
TN:
SF:src\core\hierarchy.ts
FN:10,buildHierarchy
FN:15,(anonymous_1)
FN:27,detectCycle
FN:51,(anonymous_3)
FN:87,flattenHierarchy
FN:90,traverse
FN:94,(anonymous_6)
FN:97,(anonymous_7)
FN:108,validateHierarchyInput
FN:122,(anonymous_9)
FNF:10
FNH:6
FNDA:2,buildHierarchy
FNDA:18,(anonymous_1)
FNDA:19,detectCycle
FNDA:18,(anonymous_3)
FNDA:0,flattenHierarchy
FNDA:0,traverse
FNDA:0,(anonymous_6)
FNDA:0,(anonymous_7)
FNDA:3,validateHierarchyInput
FNDA:18,(anonymous_9)
DA:10,1
DA:12,2
DA:15,2
DA:16,18
DA:23,2
DA:24,2
DA:28,19
DA:29,19
DA:30,0
DA:33,19
DA:35,19
DA:36,19
DA:38,18
DA:39,18
DA:40,1
DA:43,17
DA:44,17
DA:45,17
DA:49,2
DA:51,2
DA:52,18
DA:53,18
DA:56,18
DA:57,18
DA:61,17
DA:63,1
DA:64,1
DA:66,16
DA:67,16
DA:68,0
DA:71,16
DA:74,16
DA:78,1
DA:87,1
DA:88,0
DA:91,0
DA:92,0
DA:94,0
DA:97,0
DA:99,0
DA:108,1
DA:109,3
DA:110,0
DA:114,3
DA:115,1
DA:119,2
DA:122,2
DA:123,18
DA:124,0
DA:127,18
DA:128,0
DA:131,18
DA:133,18
DA:134,0
DA:137,18
DA:138,0
LF:56
LH:43
BRDA:27,0,0,18
BRDA:28,1,0,0
BRDA:29,2,0,0
BRDA:36,3,0,1
BRDA:39,4,0,1
BRDA:39,5,0,18
BRDA:39,5,1,17
BRDA:53,6,0,0
BRDA:56,7,0,18
BRDA:61,8,0,1
BRDA:61,8,1,16
BRDA:67,9,0,0
BRDA:90,10,0,0
BRDA:109,11,0,0
BRDA:114,12,0,1
BRDA:123,13,0,0
BRDA:127,14,0,0
BRDA:133,15,0,0
BRDA:137,16,0,0
BRDA:137,17,0,18
BRDA:137,17,1,17
BRF:21
BRH:11
end_of_record
TN:
SF:src\core\index.ts
FNF:0
FNH:0
DA:1,1
DA:2,1
LF:2
LH:2
BRF:0
BRH:0
end_of_record
TN:
SF:src\layout\GridLayoutEngine.ts
FN:15,(anonymous_1)
FN:43,(anonymous_2)
FN:110,(anonymous_3)
FN:116,(anonymous_4)
FN:141,(anonymous_5)
FN:150,(anonymous_6)
FN:153,(anonymous_7)
FN:170,(anonymous_8)
FN:186,(anonymous_9)
FN:216,(anonymous_10)
FN:234,(anonymous_11)
FN:242,(anonymous_12)
FNF:12
FNH:12
FNDA:1,(anonymous_1)
FNDA:17,(anonymous_2)
FNDA:7,(anonymous_3)
FNDA:28,(anonymous_4)
FNDA:28,(anonymous_5)
FNDA:14,(anonymous_6)
FNDA:16,(anonymous_7)
FNDA:4,(anonymous_8)
FNDA:16,(anonymous_9)
FNDA:16,(anonymous_10)
FNDA:1,(anonymous_11)
FNDA:1,(anonymous_12)
DA:1,1
DA:3,1
DA:8,1
DA:17,1
DA:18,1
DA:21,1
DA:23,1
DA:26,1
DA:27,1
DA:28,1
DA:32,1
DA:44,17
DA:47,17
DA:48,17
DA:51,17
DA:54,17
DA:55,4
DA:58,4
DA:59,4
DA:62,4
DA:63,4
DA:66,4
DA:80,4
DA:83,13
DA:86,13
DA:100,17
DA:111,7
DA:112,0
DA:116,7
DA:118,28
DA:119,28
DA:122,28
DA:123,28
DA:126,28
DA:127,3
DA:128,3
DA:129,3
DA:132,28
DA:136,7
DA:137,7
DA:138,7
DA:141,7
DA:142,28
DA:143,28
DA:145,28
DA:146,28
DA:150,14
DA:153,16
DA:156,7
DA:176,4
DA:178,4
DA:179,4
DA:182,4
DA:183,4
DA:186,4
DA:188,16
DA:189,16
DA:192,16
DA:193,16
DA:195,16
DA:196,16
DA:199,16
DA:200,16
DA:204,4
DA:205,4
DA:206,4
DA:210,4
DA:211,4
DA:212,5
DA:216,4
DA:217,16
DA:218,16
DA:220,16
DA:221,16
DA:224,16
DA:235,1
DA:236,0
DA:239,1
DA:240,1
DA:242,1
DA:243,1
DA:244,1
DA:245,1
DA:247,1
DA:248,1
DA:252,1
LF:86
LH:84
BRDA:26,0,0,1
BRDA:44,1,0,17
BRDA:44,2,0,17
BRDA:54,3,0,4
BRDA:54,3,1,13
BRDA:111,4,0,0
BRDA:118,5,0,28
BRDA:118,6,0,28
BRDA:126,7,0,3
BRDA:176,8,0,0
BRDA:192,9,0,16
BRDA:192,10,0,16
BRDA:235,11,0,0
BRDA:243,12,0,1
BRF:14
BRH:11
end_of_record
TN:
SF:src\layout\LayoutEngine.ts
FN:23,(anonymous_0)
FNF:1
FNH:1
FNDA:1,(anonymous_0)
DA:6,1
DA:10,1
DA:24,1
LF:3
LH:3
BRDA:23,0,0,0
BRF:1
BRH:0
end_of_record
TN:
SF:src\layout\index.ts
FN:14,createLayoutEngine
FNF:1
FNH:1
FNDA:1,createLayoutEngine
DA:1,1
DA:2,1
DA:5,1
DA:14,1
DA:17,1
LF:5
LH:5
BRDA:14,0,0,0
BRF:1
BRH:0
end_of_record
TN:
SF:src\output\PdfConverter.ts
FN:11,(anonymous_9)
FN:14,(anonymous_10)
FN:20,(anonymous_11)
FN:21,(anonymous_12)
FN:45,(anonymous_13)
FN:49,(anonymous_14)
FN:53,(anonymous_15)
FN:58,(anonymous_16)
FNF:8
FNH:0
FNDA:0,(anonymous_9)
FNDA:0,(anonymous_10)
FNDA:0,(anonymous_11)
FNDA:0,(anonymous_12)
FNDA:0,(anonymous_13)
FNDA:0,(anonymous_14)
FNDA:0,(anonymous_15)
FNDA:0,(anonymous_16)
DA:4,1
DA:12,0
DA:14,0
DA:15,0
DA:16,0
DA:19,0
DA:20,0
DA:21,0
DA:24,0
DA:25,0
DA:27,0
DA:28,0
DA:31,0
DA:37,0
DA:43,0
DA:45,0
DA:47,0
DA:49,0
DA:50,0
DA:53,0
DA:54,0
DA:55,0
DA:58,0
DA:59,0
DA:63,0
DA:66,0
DA:67,0
LF:27
LH:1
BRDA:27,0,0,0
BRDA:27,0,1,0
BRDA:28,1,0,0
BRDA:28,1,1,0
BRF:4
BRH:0
end_of_record
TN:
SF:src\output\PngConverter.ts
FN:11,(anonymous_9)
FN:14,(anonymous_10)
FNF:2
FNH:0
FNDA:0,(anonymous_9)
FNDA:0,(anonymous_10)
DA:4,1
DA:12,0
DA:14,0
DA:17,0
DA:20,0
DA:21,0
DA:23,0
DA:25,0
DA:26,0
LF:9
LH:1
BRF:0
BRH:0
end_of_record
TN:
SF:src\output\index.ts
FN:15,convertOutput
FNF:1
FNH:0
FNDA:0,convertOutput
DA:1,1
DA:2,1
DA:4,1
DA:5,1
DA:15,1
DA:19,0
DA:21,0
DA:24,0
DA:25,0
DA:29,0
DA:30,0
DA:34,0
LF:12
LH:5
BRDA:19,0,0,0
BRDA:19,0,1,0
BRDA:19,0,2,0
BRDA:19,0,3,0
BRF:4
BRH:0
end_of_record
TN:
SF:src\rendering\SvgRenderer.ts
FN:31,(anonymous_9)
FN:43,(anonymous_10)
FN:65,(anonymous_11)
FN:68,(anonymous_12)
FN:71,(anonymous_13)
FN:72,(anonymous_14)
FN:87,(anonymous_15)
FN:102,(anonymous_16)
FNF:8
FNH:5
FNDA:1,(anonymous_9)
FNDA:1,(anonymous_10)
FNDA:1,(anonymous_11)
FNDA:0,(anonymous_12)
FNDA:1,(anonymous_13)
FNDA:1,(anonymous_14)
FNDA:0,(anonymous_15)
FNDA:0,(anonymous_16)
DA:6,1
DA:12,1
DA:32,1
DA:45,1
DA:48,0
DA:51,0
DA:52,0
DA:56,0
DA:57,0
DA:59,0
DA:66,1
DA:68,0
DA:71,2
DA:72,2
DA:74,0
DA:75,0
DA:78,0
DA:80,0
DA:89,0
DA:94,0
DA:103,0
DA:104,0
DA:105,0
DA:108,0
DA:111,0
DA:114,0
DA:115,0
DA:116,0
DA:120,0
DA:127,0
DA:138,0
DA:141,0
DA:142,0
DA:143,0
LF:34
LH:7
BRDA:31,0,0,0
BRDA:66,1,0,0
BRDA:66,1,1,1
BRDA:66,2,0,1
BRDA:66,2,1,0
BRDA:89,3,0,0
BRDA:103,4,0,0
BRDA:115,5,0,0
BRDA:115,6,0,0
BRDA:115,6,1,0
BRDA:141,7,0,0
BRF:11
BRH:2
end_of_record
TN:
SF:src\rendering\index.ts
FNF:0
FNH:0
DA:1,1
LF:1
LH:1
BRF:0
BRH:0
end_of_record
TN:
SF:src\types\index.ts
FNF:0
FNH:0
DA:1,0
DA:2,0
DA:3,0
LF:3
LH:0
BRF:0
BRH:0
end_of_record
TN:
SF:src\utils\index.ts
FNF:0
FNH:0
DA:1,0
DA:2,0
LF:2
LH:0
BRF:0
BRH:0
end_of_record
TN:
SF:src\utils\styleUtils.ts
FN:9,getContrastingTextColor
FN:48,applyAutoTextColor
FN:65,generateColorPalette
FN:82,(anonymous_3)
FNF:4
FNH:0
FNDA:0,getContrastingTextColor
FNDA:0,applyAutoTextColor
FNDA:0,generateColorPalette
FNDA:0,(anonymous_3)
DA:9,0
DA:11,0
DA:12,0
DA:20,0
DA:22,0
DA:23,0
DA:24,0
DA:25,0
DA:27,0
DA:28,0
DA:29,0
DA:31,0
DA:36,0
DA:39,0
DA:48,0
DA:49,0
DA:50,0
DA:56,0
DA:65,0
DA:66,0
DA:69,0
DA:82,0
DA:83,0
DA:86,0
LF:24
LH:0
BRDA:11,0,0,0
BRDA:11,1,0,0
BRDA:11,1,1,0
BRDA:20,2,0,0
BRDA:20,2,1,0
BRDA:25,3,0,0
BRDA:25,3,1,0
BRDA:39,4,0,0
BRDA:39,4,1,0
BRDA:49,5,0,0
BRDA:49,6,0,0
BRDA:49,6,1,0
BRF:12
BRH:0
end_of_record
TN:
SF:src\utils\textMeasure.ts
FN:23,(anonymous_0)
FN:34,(anonymous_1)
FN:54,(anonymous_2)
FN:70,(anonymous_3)
FN:79,(anonymous_4)
FN:103,createTextMeasurer
FNF:6
FNH:4
FNDA:1,(anonymous_0)
FNDA:61,(anonymous_1)
FNDA:61,(anonymous_2)
FNDA:0,(anonymous_3)
FNDA:0,(anonymous_4)
FNDA:1,createTextMeasurer
DA:19,1
DA:24,1
DA:26,1
DA:27,0
DA:28,0
DA:30,1
DA:35,61
DA:37,0
DA:38,0
DA:42,0
DA:44,0
DA:50,61
DA:56,61
DA:57,61
DA:59,61
DA:66,1
DA:71,0
DA:72,0
DA:73,0
DA:74,0
DA:76,0
DA:80,0
DA:81,0
DA:86,0
DA:87,0
DA:90,0
DA:93,0
DA:103,1
DA:104,1
DA:105,0
DA:107,1
DA:112,1
DA:114,1
LF:33
LH:15
BRDA:35,0,0,0
BRDA:35,0,1,61
BRDA:73,1,0,0
BRDA:86,2,0,0
BRDA:86,2,1,0
BRDA:86,3,0,0
BRDA:86,3,1,0
BRDA:104,4,0,0
BRDA:104,4,1,1
BRDA:104,5,0,1
BRDA:104,5,1,0
BRF:11
BRH:3
end_of_record
